<?xml version="1.0" encoding="UTF-8"?>
<!-- Generated by org.testng.reporters.JUnitReportReporter -->
<testsuite skipped="0" hostname="Alistair" name="testCases.TestLoginPage" tests="2" failures="0" timestamp="10 Jan 2018 04:58:34 GMT" time="43.939" errors="0">
  <testcase name="loginButton" time="17.360" classname="testCases.TestLoginPage"/>
  <testcase name="regrister1" time="26.579" classname="testCases.TestLoginPage"/>
</testsuite> <!-- testCases.TestLoginPage -->
