<?xml version="1.0" encoding="UTF-8"?>
<!-- Generated by org.testng.reporters.JUnitReportReporter -->
<testsuite skipped="0" hostname="Alistair" name="testCases.TestPersonalPage" tests="3" failures="0" timestamp="10 Jan 2018 01:20:33 GMT" time="61.154" errors="0">
  <testcase name="loginButton" time="17.618" classname="testCases.TestPersonalPage"/>
  <testcase name="regrister1" time="21.660" classname="testCases.TestPersonalPage"/>
  <testcase name="personalPageFunctions" time="21.876" classname="testCases.TestPersonalPage"/>
</testsuite> <!-- testCases.TestPersonalPage -->
